app/build/outputs/logs/manifest-merger-debug-report.txt
-- Merging decision tree log ---
manifest
ADDED from src\main\AndroidManifest.xml:2:1-38:12
INJECTED from src\main\AndroidManifest.xml:2:1-38:12
INJECTED from src\main\AndroidManifest.xml:2:1-38:12
INJECTED from src\main\AndroidManifest.xml:2:1-38:12
MERGED from [com.github.mukeshsolanki:social-Login-helper:1.0.2] AndroidManifest.xml:2:1-12:12
MERGED from [com.android.support:design:26.1.0] AndroidManifest.xml:17:1-31:12
MERGED from [com.facebook.android:facebook-android-sdk:4.20.0] AndroidManifest.xml:21:1-50:12
MERGED from [com.android.support:appcompat-v7:26.1.0] AndroidManifest.xml:17:1-31:12
MERGED from [com.android.support.constraint:constraint-layout:1.0.2] AndroidManifest.xml:2:1-11:12
MERGED from [com.android.support:animated-vector-drawable:26.1.0] AndroidManifest.xml:17:1-28:12
MERGED from [com.android.support:support-vector-drawable:26.1.0] AndroidManifest.xml:17:1-28:12
MERGED from [com.google.android.gms:play-services-auth:10.2.1] AndroidManifest.xml:16:1-26:12
MERGED from [com.twitter.sdk.android:twitter:2.3.2] AndroidManifest.xml:18:1-27:12
MERGED from [com.google.firebase:firebase-core:10.2.1] AndroidManifest.xml:2:1-6:12
MERGED from [com.android.support:recyclerview-v7:26.1.0] AndroidManifest.xml:17:1-28:12
MERGED from [com.android.support:transition:26.1.0] AndroidManifest.xml:17:1-28:12
MERGED from [com.android.support:cardview-v7:25.0.0] AndroidManifest.xml:17:1-24:12
MERGED from [com.android.support:customtabs:25.0.0] AndroidManifest.xml:17:1-24:12
MERGED from [com.google.android.gms:play-services-auth-base:10.2.1] AndroidManifest.xml:2:1-5:12
MERGED from [com.google.android.gms:play-services-base:10.2.1] AndroidManifest.xml:16:1-21:12
MERGED from [com.google.firebase:firebase-analytics:10.2.1] AndroidManifest.xml:16:1-34:12
MERGED from [com.google.firebase:firebase-analytics-impl:10.2.1] AndroidManifest.xml:16:1-29:12
MERGED from [com.google.firebase:firebase-iid:10.2.1] AndroidManifest.xml:16:1-50:12
MERGED from [com.google.firebase:firebase-common:10.2.1] AndroidManifest.xml:2:1-8:12
MERGED from [com.google.android.gms:play-services-tasks:10.2.1] AndroidManifest.xml:2:1-5:12
MERGED from [com.google.android.gms:play-services-basement:10.2.1] AndroidManifest.xml:16:1-23:12
MERGED from [com.twitter.sdk.android:tweet-ui:2.3.2] AndroidManifest.xml:18:1-37:12
MERGED from [com.android.support:support-v4:26.1.0] AndroidManifest.xml:17:1-31:12
MERGED from [com.android.support:support-fragment:26.1.0] AndroidManifest.xml:17:1-31:12
MERGED from [com.android.support:support-core-ui:26.1.0] AndroidManifest.xml:17:1-31:12
MERGED from [com.android.support:support-media-compat:26.1.0] AndroidManifest.xml:17:1-31:12
MERGED from [com.android.support:support-core-utils:26.1.0] AndroidManifest.xml:17:1-31:12
MERGED from [com.android.support:support-compat:26.1.0] AndroidManifest.xml:17:1-31:12
MERGED from [com.twitter.sdk.android:tweet-composer:2.3.1] AndroidManifest.xml:18:1-39:12
MERGED from [com.twitter.sdk.android:twitter-core:2.3.1] AndroidManifest.xml:18:1-42:12
MERGED from [android.arch.lifecycle:runtime:1.0.0] AndroidManifest.xml:17:1-30:12
MERGED from [io.fabric.sdk.android:fabric:1.3.17] AndroidManifest.xml:22:1-33:12
INJECTED from src\main\AndroidManifest.xml:2:1-38:12
INJECTED from src\main\AndroidManifest.xml:2:1-38:12
INJECTED from src\main\AndroidManifest.xml:2:1-38:12
	package
		ADDED from src\main\AndroidManifest.xml:3:5-43
		INJECTED from src\main\AndroidManifest.xml
		INJECTED from src\main\AndroidManifest.xml
	android:versionName
		INJECTED from src\main\AndroidManifest.xml
		ADDED from src\main\AndroidManifest.xml:2:1-38:12
		INJECTED from src\main\AndroidManifest.xml
	android:versionCode
		INJECTED from src\main\AndroidManifest.xml
		ADDED from src\main\AndroidManifest.xml:2:1-38:12
		INJECTED from src\main\AndroidManifest.xml
	xmlns:android
		ADDED from src\main\AndroidManifest.xml:2:11-69
meta-data#com.facebook.sdk.ApplicationId
ADDED from src\main\AndroidManifest.xml:5:5-7:51
	android:value
		ADDED from src\main\AndroidManifest.xml:7:9-48
	android:name
		ADDED from src\main\AndroidManifest.xml:6:9-54
application
ADDED from src\main\AndroidManifest.xml:9:5-36:19
MERGED from [com.android.support:design:26.1.0] AndroidManifest.xml:25:5-29:19
MERGED from [com.android.support:design:26.1.0] AndroidManifest.xml:25:5-29:19
MERGED from [com.facebook.android:facebook-android-sdk:4.20.0] AndroidManifest.xml:28:5-48:19
MERGED from [com.facebook.android:facebook-android-sdk:4.20.0] AndroidManifest.xml:28:5-48:19
MERGED from [com.android.support:appcompat-v7:26.1.0] AndroidManifest.xml:25:5-29:19
MERGED from [com.android.support:appcompat-v7:26.1.0] AndroidManifest.xml:25:5-29:19
MERGED from [com.android.support.constraint:constraint-layout:1.0.2] AndroidManifest.xml:9:5-20
MERGED from [com.android.support.constraint:constraint-layout:1.0.2] AndroidManifest.xml:9:5-20
MERGED from [com.android.support:animated-vector-drawable:26.1.0] AndroidManifest.xml:22:5-26:19
MERGED from [com.android.support:animated-vector-drawable:26.1.0] AndroidManifest.xml:22:5-26:19
MERGED from [com.android.support:support-vector-drawable:26.1.0] AndroidManifest.xml:22:5-26:19
MERGED from [com.android.support:support-vector-drawable:26.1.0] AndroidManifest.xml:22:5-26:19
MERGED from [com.google.android.gms:play-services-auth:10.2.1] AndroidManifest.xml:19:5-25:19
MERGED from [com.google.android.gms:play-services-auth:10.2.1] AndroidManifest.xml:19:5-25:19
MERGED from [com.twitter.sdk.android:twitter:2.3.2] AndroidManifest.xml:25:5-20
MERGED from [com.twitter.sdk.android:twitter:2.3.2] AndroidManifest.xml:25:5-20
MERGED from [com.google.firebase:firebase-core:10.2.1] AndroidManifest.xml:5:5-20
MERGED from [com.google.firebase:firebase-core:10.2.1] AndroidManifest.xml:5:5-20
MERGED from [com.android.support:recyclerview-v7:26.1.0] AndroidManifest.xml:22:5-26:19
MERGED from [com.android.support:recyclerview-v7:26.1.0] AndroidManifest.xml:22:5-26:19
MERGED from [com.android.support:transition:26.1.0] AndroidManifest.xml:22:5-26:19
MERGED from [com.android.support:transition:26.1.0] AndroidManifest.xml:22:5-26:19
MERGED from [com.android.support:cardview-v7:25.0.0] AndroidManifest.xml:22:5-20
MERGED from [com.android.support:cardview-v7:25.0.0] AndroidManifest.xml:22:5-20
MERGED from [com.android.support:customtabs:25.0.0] AndroidManifest.xml:22:5-20
MERGED from [com.android.support:customtabs:25.0.0] AndroidManifest.xml:22:5-20
MERGED from [com.google.android.gms:play-services-base:10.2.1] AndroidManifest.xml:18:5-20:19
MERGED from [com.google.android.gms:play-services-base:10.2.1] AndroidManifest.xml:18:5-20:19
MERGED from [com.google.firebase:firebase-analytics:10.2.1] AndroidManifest.xml:24:5-33:19
MERGED from [com.google.firebase:firebase-analytics:10.2.1] AndroidManifest.xml:24:5-33:19
MERGED from [com.google.firebase:firebase-analytics-impl:10.2.1] AndroidManifest.xml:24:5-28:19
MERGED from [com.google.firebase:firebase-analytics-impl:10.2.1] AndroidManifest.xml:24:5-28:19
MERGED from [com.google.firebase:firebase-iid:10.2.1] AndroidManifest.xml:28:5-49:19
MERGED from [com.google.firebase:firebase-iid:10.2.1] AndroidManifest.xml:28:5-49:19
MERGED from [com.google.firebase:firebase-common:10.2.1] AndroidManifest.xml:4:5-7:19
MERGED from [com.google.firebase:firebase-common:10.2.1] AndroidManifest.xml:4:5-7:19
MERGED from [com.google.android.gms:play-services-tasks:10.2.1] AndroidManifest.xml:4:5-19
MERGED from [com.google.android.gms:play-services-tasks:10.2.1] AndroidManifest.xml:4:5-19
MERGED from [com.google.android.gms:play-services-basement:10.2.1] AndroidManifest.xml:19:5-21:19
MERGED from [com.google.android.gms:play-services-basement:10.2.1] AndroidManifest.xml:19:5-21:19
MERGED from [com.twitter.sdk.android:tweet-ui:2.3.2] AndroidManifest.xml:27:5-35:19
MERGED from [com.twitter.sdk.android:tweet-ui:2.3.2] AndroidManifest.xml:27:5-35:19
MERGED from [com.android.support:support-v4:26.1.0] AndroidManifest.xml:25:5-29:19
MERGED from [com.android.support:support-v4:26.1.0] AndroidManifest.xml:25:5-29:19
MERGED from [com.android.support:support-fragment:26.1.0] AndroidManifest.xml:25:5-29:19
MERGED from [com.android.support:support-fragment:26.1.0] AndroidManifest.xml:25:5-29:19
MERGED from [com.android.support:support-core-ui:26.1.0] AndroidManifest.xml:25:5-29:19
MERGED from [com.android.support:support-core-ui:26.1.0] AndroidManifest.xml:25:5-29:19
MERGED from [com.android.support:support-media-compat:26.1.0] AndroidManifest.xml:25:5-29:19
MERGED from [com.android.support:support-media-compat:26.1.0] AndroidManifest.xml:25:5-29:19
MERGED from [com.android.support:support-core-utils:26.1.0] AndroidManifest.xml:25:5-29:19
MERGED from [com.android.support:support-core-utils:26.1.0] AndroidManifest.xml:25:5-29:19
MERGED from [com.android.support:support-compat:26.1.0] AndroidManifest.xml:25:5-29:19
MERGED from [com.android.support:support-compat:26.1.0] AndroidManifest.xml:25:5-29:19
MERGED from [com.twitter.sdk.android:tweet-composer:2.3.1] AndroidManifest.xml:27:5-37:19
MERGED from [com.twitter.sdk.android:tweet-composer:2.3.1] AndroidManifest.xml:27:5-37:19
MERGED from [com.twitter.sdk.android:twitter-core:2.3.1] AndroidManifest.xml:27:5-40:19
MERGED from [com.twitter.sdk.android:twitter-core:2.3.1] AndroidManifest.xml:27:5-40:19
MERGED from [android.arch.lifecycle:runtime:1.0.0] AndroidManifest.xml:24:5-28:19
MERGED from [android.arch.lifecycle:runtime:1.0.0] AndroidManifest.xml:24:5-28:19
MERGED from [io.fabric.sdk.android:fabric:1.3.17] AndroidManifest.xml:31:5-20
MERGED from [io.fabric.sdk.android:fabric:1.3.17] AndroidManifest.xml:31:5-20
	android:supportsRtl
		ADDED from src\main\AndroidManifest.xml:14:9-35
	android:label
		ADDED from src\main\AndroidManifest.xml:12:9-41
	android:roundIcon
		ADDED from src\main\AndroidManifest.xml:13:9-54
	android:icon
		ADDED from src\main\AndroidManifest.xml:11:9-43
	android:allowBackup
		ADDED from src\main\AndroidManifest.xml:10:9-35
	android:theme
		ADDED from src\main\AndroidManifest.xml:15:9-40
activity#com.example.mikhal.wiseatapp.Login
ADDED from src\main\AndroidManifest.xml:16:9-22:20
	android:name
		ADDED from src\main\AndroidManifest.xml:16:19-40
intent-filter#android.intent.action.MAIN+android.intent.category.LAUNCHER
ADDED from src\main\AndroidManifest.xml:17:13-21:29
action#android.intent.action.MAIN
ADDED from src\main\AndroidManifest.xml:18:17-69
	android:name
		ADDED from src\main\AndroidManifest.xml:18:25-66
category#android.intent.category.LAUNCHER
ADDED from src\main\AndroidManifest.xml:20:17-77
	android:name
		ADDED from src\main\AndroidManifest.xml:20:27-74
activity#com.example.mikhal.wiseatapp.setProfile
ADDED from src\main\AndroidManifest.xml:23:9-26:59
	android:label
		ADDED from src\main\AndroidManifest.xml:25:13-63
	android:theme
		ADDED from src\main\AndroidManifest.xml:26:13-56
	android:name
		ADDED from src\main\AndroidManifest.xml:24:13-39
activity#com.example.mikhal.wiseatapp.HomePage
ADDED from src\main\AndroidManifest.xml:27:9-35:20
	android:parentActivityName
		ADDED from src\main\AndroidManifest.xml:30:13-82
	android:label
		ADDED from src\main\AndroidManifest.xml:29:13-61
	android:theme
		ADDED from src\main\AndroidManifest.xml:31:13-56
	android:name
		ADDED from src\main\AndroidManifest.xml:28:13-37
meta-data#android.support.PARENT_ACTIVITY
ADDED from src\main\AndroidManifest.xml:32:13-34:76
	android:value
		ADDED from src\main\AndroidManifest.xml:34:17-73
	android:name
		ADDED from src\main\AndroidManifest.xml:33:17-63
uses-sdk
INJECTED from src\main\AndroidManifest.xml reason: use-sdk injection requested
INJECTED from src\main\AndroidManifest.xml
INJECTED from src\main\AndroidManifest.xml
MERGED from [com.github.mukeshsolanki:social-Login-helper:1.0.2] AndroidManifest.xml:8:5-10:41
MERGED from [com.github.mukeshsolanki:social-Login-helper:1.0.2] AndroidManifest.xml:8:5-10:41
MERGED from [com.android.support:design:26.1.0] AndroidManifest.xml:21:5-23:62
MERGED from [com.android.support:design:26.1.0] AndroidManifest.xml:21:5-23:62
MERGED from [com.facebook.android:facebook-android-sdk:4.20.0] AndroidManifest.xml:24:5-26:41
MERGED from [com.facebook.android:facebook-android-sdk:4.20.0] AndroidManifest.xml:24:5-26:41
MERGED from [com.android.support:appcompat-v7:26.1.0] AndroidManifest.xml:21:5-23:78
MERGED from [com.android.support:appcompat-v7:26.1.0] AndroidManifest.xml:21:5-23:78
MERGED from [com.android.support.constraint:constraint-layout:1.0.2] AndroidManifest.xml:5:5-7:41
MERGED from [com.android.support.constraint:constraint-layout:1.0.2] AndroidManifest.xml:5:5-7:41
MERGED from [com.android.support:animated-vector-drawable:26.1.0] AndroidManifest.xml:20:5-44
MERGED from [com.android.support:animated-vector-drawable:26.1.0] AndroidManifest.xml:20:5-44
MERGED from [com.android.support:support-vector-drawable:26.1.0] AndroidManifest.xml:20:5-44
MERGED from [com.android.support:support-vector-drawable:26.1.0] AndroidManifest.xml:20:5-44
MERGED from [com.google.android.gms:play-services-auth:10.2.1] AndroidManifest.xml:17:5-43
MERGED from [com.google.android.gms:play-services-auth:10.2.1] AndroidManifest.xml:17:5-43
MERGED from [com.twitter.sdk.android:twitter:2.3.2] AndroidManifest.xml:23:5-44
MERGED from [com.twitter.sdk.android:twitter:2.3.2] AndroidManifest.xml:23:5-44
MERGED from [com.google.firebase:firebase-core:10.2.1] AndroidManifest.xml:4:5-43
MERGED from [com.google.firebase:firebase-core:10.2.1] AndroidManifest.xml:4:5-43
MERGED from [com.android.support:recyclerview-v7:26.1.0] AndroidManifest.xml:20:5-44
MERGED from [com.android.support:recyclerview-v7:26.1.0] AndroidManifest.xml:20:5-44
MERGED from [com.android.support:transition:26.1.0] AndroidManifest.xml:20:5-44
MERGED from [com.android.support:transition:26.1.0] AndroidManifest.xml:20:5-44
MERGED from [com.android.support:cardview-v7:25.0.0] AndroidManifest.xml:20:5-43
MERGED from [com.android.support:cardview-v7:25.0.0] AndroidManifest.xml:20:5-43
MERGED from [com.android.support:customtabs:25.0.0] AndroidManifest.xml:20:5-44
MERGED from [com.android.support:customtabs:25.0.0] AndroidManifest.xml:20:5-44
MERGED from [com.google.android.gms:play-services-auth-base:10.2.1] AndroidManifest.xml:4:5-43
MERGED from [com.google.android.gms:play-services-auth-base:10.2.1] AndroidManifest.xml:4:5-43
MERGED from [com.google.android.gms:play-services-base:10.2.1] AndroidManifest.xml:17:5-43
MERGED from [com.google.android.gms:play-services-base:10.2.1] AndroidManifest.xml:17:5-43
MERGED from [com.google.firebase:firebase-analytics:10.2.1] AndroidManifest.xml:17:5-43
MERGED from [com.google.firebase:firebase-analytics:10.2.1] AndroidManifest.xml:17:5-43
MERGED from [com.google.firebase:firebase-analytics-impl:10.2.1] AndroidManifest.xml:17:5-43
MERGED from [com.google.firebase:firebase-analytics-impl:10.2.1] AndroidManifest.xml:17:5-43
MERGED from [com.google.firebase:firebase-iid:10.2.1] AndroidManifest.xml:17:5-43
MERGED from [com.google.firebase:firebase-iid:10.2.1] AndroidManifest.xml:17:5-43
MERGED from [com.google.firebase:firebase-common:10.2.1] AndroidManifest.xml:3:5-43
MERGED from [com.google.firebase:firebase-common:10.2.1] AndroidManifest.xml:3:5-43
MERGED from [com.google.android.gms:play-services-tasks:10.2.1] AndroidManifest.xml:3:5-43
MERGED from [com.google.android.gms:play-services-tasks:10.2.1] AndroidManifest.xml:3:5-43
MERGED from [com.google.android.gms:play-services-basement:10.2.1] AndroidManifest.xml:17:5-43
MERGED from [com.google.android.gms:play-services-basement:10.2.1] AndroidManifest.xml:17:5-43
MERGED from [com.twitter.sdk.android:tweet-ui:2.3.2] AndroidManifest.xml:23:5-44
MERGED from [com.twitter.sdk.android:tweet-ui:2.3.2] AndroidManifest.xml:23:5-44
MERGED from [com.android.support:support-v4:26.1.0] AndroidManifest.xml:21:5-23:54
MERGED from [com.android.support:support-v4:26.1.0] AndroidManifest.xml:21:5-23:54
MERGED from [com.android.support:support-fragment:26.1.0] AndroidManifest.xml:21:5-23:60
MERGED from [com.android.support:support-fragment:26.1.0] AndroidManifest.xml:21:5-23:60
MERGED from [com.android.support:support-core-ui:26.1.0] AndroidManifest.xml:21:5-23:58
MERGED from [com.android.support:support-core-ui:26.1.0] AndroidManifest.xml:21:5-23:58
MERGED from [com.android.support:support-media-compat:26.1.0] AndroidManifest.xml:21:5-23:63
MERGED from [com.android.support:support-media-compat:26.1.0] AndroidManifest.xml:21:5-23:63
MERGED from [com.android.support:support-core-utils:26.1.0] AndroidManifest.xml:21:5-23:61
MERGED from [com.android.support:support-core-utils:26.1.0] AndroidManifest.xml:21:5-23:61
MERGED from [com.android.support:support-compat:26.1.0] AndroidManifest.xml:21:5-23:58
MERGED from [com.android.support:support-compat:26.1.0] AndroidManifest.xml:21:5-23:58
MERGED from [com.twitter.sdk.android:tweet-composer:2.3.1] AndroidManifest.xml:23:5-44
MERGED from [com.twitter.sdk.android:tweet-composer:2.3.1] AndroidManifest.xml:23:5-44
MERGED from [com.twitter.sdk.android:twitter-core:2.3.1] AndroidManifest.xml:23:5-44
MERGED from [com.twitter.sdk.android:twitter-core:2.3.1] AndroidManifest.xml:23:5-44
MERGED from [android.arch.lifecycle:runtime:1.0.0] AndroidManifest.xml:20:5-22:41
MERGED from [android.arch.lifecycle:runtime:1.0.0] AndroidManifest.xml:20:5-22:41
MERGED from [io.fabric.sdk.android:fabric:1.3.17] AndroidManifest.xml:27:5-43
MERGED from [io.fabric.sdk.android:fabric:1.3.17] AndroidManifest.xml:27:5-43
INJECTED from src\main\AndroidManifest.xml
INJECTED from src\main\AndroidManifest.xml
	tools:overrideLibrary
		ADDED from [com.android.support:design:26.1.0] AndroidManifest.xml:23:9-59
	android:targetSdkVersion
		INJECTED from src\main\AndroidManifest.xml
		ADDED from src\main\AndroidManifest.xml
		INJECTED from src\main\AndroidManifest.xml
	android:minSdkVersion
		INJECTED from src\main\AndroidManifest.xml
		ADDED from src\main\AndroidManifest.xml
		INJECTED from src\main\AndroidManifest.xml
meta-data#android.support.VERSION
ADDED from [com.android.support:design:26.1.0] AndroidManifest.xml:26:9-28:38
MERGED from [com.android.support:appcompat-v7:26.1.0] AndroidManifest.xml:26:9-28:38
MERGED from [com.android.support:appcompat-v7:26.1.0] AndroidManifest.xml:26:9-28:38
MERGED from [com.android.support:animated-vector-drawable:26.1.0] AndroidManifest.xml:23:9-25:38
MERGED from [com.android.support:animated-vector-drawable:26.1.0] AndroidManifest.xml:23:9-25:38
MERGED from [com.android.support:support-vector-drawable:26.1.0] AndroidManifest.xml:23:9-25:38
MERGED from [com.android.support:support-vector-drawable:26.1.0] AndroidManifest.xml:23:9-25:38
MERGED from [com.android.support:recyclerview-v7:26.1.0] AndroidManifest.xml:23:9-25:38
MERGED from [com.android.support:recyclerview-v7:26.1.0] AndroidManifest.xml:23:9-25:38
MERGED from [com.android.support:transition:26.1.0] AndroidManifest.xml:23:9-25:38
MERGED from [com.android.support:transition:26.1.0] AndroidManifest.xml:23:9-25:38
MERGED from [com.android.support:support-v4:26.1.0] AndroidManifest.xml:26:9-28:38
MERGED from [com.android.support:support-v4:26.1.0] AndroidManifest.xml:26:9-28:38
MERGED from [com.android.support:support-fragment:26.1.0] AndroidManifest.xml:26:9-28:38
MERGED from [com.android.support:support-fragment:26.1.0] AndroidManifest.xml:26:9-28:38
MERGED from [com.android.support:support-core-ui:26.1.0] AndroidManifest.xml:26:9-28:38
MERGED from [com.android.support:support-core-ui:26.1.0] AndroidManifest.xml:26:9-28:38
MERGED from [com.android.support:support-media-compat:26.1.0] AndroidManifest.xml:26:9-28:38
MERGED from [com.android.support:support-media-compat:26.1.0] AndroidManifest.xml:26:9-28:38
MERGED from [com.android.support:support-core-utils:26.1.0] AndroidManifest.xml:26:9-28:38
MERGED from [com.android.support:support-core-utils:26.1.0] AndroidManifest.xml:26:9-28:38
MERGED from [com.android.support:support-compat:26.1.0] AndroidManifest.xml:26:9-28:38
MERGED from [com.android.support:support-compat:26.1.0] AndroidManifest.xml:26:9-28:38
	android:value
		ADDED from [com.android.support:design:26.1.0] AndroidManifest.xml:28:13-35
	android:name
		ADDED from [com.android.support:design:26.1.0] AndroidManifest.xml:27:13-51
activity#com.facebook.FacebookActivity
ADDED from [com.facebook.android:facebook-android-sdk:4.20.0] AndroidManifest.xml:29:9-32:66
	android:configChanges
		ADDED from [com.facebook.android:facebook-android-sdk:4.20.0] AndroidManifest.xml:31:13-96
	android:theme
		ADDED from [com.facebook.android:facebook-android-sdk:4.20.0] AndroidManifest.xml:32:13-63
	android:name
		ADDED from [com.facebook.android:facebook-android-sdk:4.20.0] AndroidManifest.xml:30:13-57
activity#com.facebook.CustomTabMainActivity
ADDED from [com.facebook.android:facebook-android-sdk:4.20.0] AndroidManifest.xml:33:9-71
	android:name
		ADDED from [com.facebook.android:facebook-android-sdk:4.20.0] AndroidManifest.xml:33:19-68
provider#com.facebook.internal.FacebookInitProvider
ADDED from [com.facebook.android:facebook-android-sdk:4.20.0] AndroidManifest.xml:44:9-47:40
	android:authorities
		ADDED from [com.facebook.android:facebook-android-sdk:4.20.0] AndroidManifest.xml:46:13-72
	android:exported
		ADDED from [com.facebook.android:facebook-android-sdk:4.20.0] AndroidManifest.xml:47:13-37
	android:name
		ADDED from [com.facebook.android:facebook-android-sdk:4.20.0] AndroidManifest.xml:45:13-70
activity#com.google.android.gms.auth.api.signin.internal.SignInHubActivity
ADDED from [com.google.android.gms:play-services-auth:10.2.1] AndroidManifest.xml:20:9-189
	android:excludeFromRecents
		ADDED from [com.google.android.gms:play-services-auth:10.2.1] AndroidManifest.xml:20:129-162
	android:exported
		ADDED from [com.google.android.gms:play-services-auth:10.2.1] AndroidManifest.xml:20:163-187
	android:theme
		ADDED from [com.google.android.gms:play-services-auth:10.2.1] AndroidManifest.xml:20:69-128
	android:name
		ADDED from [com.google.android.gms:play-services-auth:10.2.1] AndroidManifest.xml:20:19-68
service#com.google.android.gms.auth.api.signin.RevocationBoundService
ADDED from [com.google.android.gms:play-services-auth:10.2.1] AndroidManifest.xml:24:9-184
	android:exported
		ADDED from [com.google.android.gms:play-services-auth:10.2.1] AndroidManifest.xml:24:64-87
	android:permission
		ADDED from [com.google.android.gms:play-services-auth:10.2.1] AndroidManifest.xml:24:88-182
	android:name
		ADDED from [com.google.android.gms:play-services-auth:10.2.1] AndroidManifest.xml:24:18-63
activity#com.google.android.gms.common.api.GoogleApiActivity
ADDED from [com.google.android.gms:play-services-base:10.2.1] AndroidManifest.xml:19:9-172
	android:exported
		ADDED from [com.google.android.gms:play-services-base:10.2.1] AndroidManifest.xml:19:146-170
	android:theme
		ADDED from [com.google.android.gms:play-services-base:10.2.1] AndroidManifest.xml:19:86-145
	android:name
		ADDED from [com.google.android.gms:play-services-base:10.2.1] AndroidManifest.xml:19:19-85
uses-permission#android.permission.INTERNET
ADDED from [com.google.firebase:firebase-analytics:10.2.1] AndroidManifest.xml:20:5-66
MERGED from [com.google.firebase:firebase-analytics-impl:10.2.1] AndroidManifest.xml:20:5-66
MERGED from [com.google.firebase:firebase-analytics-impl:10.2.1] AndroidManifest.xml:20:5-66
MERGED from [com.google.firebase:firebase-iid:10.2.1] AndroidManifest.xml:20:5-66
MERGED from [com.google.firebase:firebase-iid:10.2.1] AndroidManifest.xml:20:5-66
MERGED from [com.twitter.sdk.android:tweet-ui:2.3.2] AndroidManifest.xml:25:5-67
MERGED from [com.twitter.sdk.android:tweet-ui:2.3.2] AndroidManifest.xml:25:5-67
MERGED from [com.twitter.sdk.android:tweet-composer:2.3.1] AndroidManifest.xml:25:5-67
MERGED from [com.twitter.sdk.android:tweet-composer:2.3.1] AndroidManifest.xml:25:5-67
MERGED from [com.twitter.sdk.android:twitter-core:2.3.1] AndroidManifest.xml:25:5-67
MERGED from [com.twitter.sdk.android:twitter-core:2.3.1] AndroidManifest.xml:25:5-67
MERGED from [io.fabric.sdk.android:fabric:1.3.17] AndroidManifest.xml:29:5-67
MERGED from [io.fabric.sdk.android:fabric:1.3.17] AndroidManifest.xml:29:5-67
	android:name
		ADDED from [com.google.firebase:firebase-analytics:10.2.1] AndroidManifest.xml:20:22-64
uses-permission#android.permission.ACCESS_NETWORK_STATE
ADDED from [com.google.firebase:firebase-analytics:10.2.1] AndroidManifest.xml:21:5-78
MERGED from [com.google.firebase:firebase-analytics-impl:10.2.1] AndroidManifest.xml:21:5-78
MERGED from [com.google.firebase:firebase-analytics-impl:10.2.1] AndroidManifest.xml:21:5-78
MERGED from [com.google.firebase:firebase-iid:10.2.1] AndroidManifest.xml:19:5-78
MERGED from [com.google.firebase:firebase-iid:10.2.1] AndroidManifest.xml:19:5-78
	android:name
		ADDED from [com.google.firebase:firebase-analytics:10.2.1] AndroidManifest.xml:21:22-76
uses-permission#android.permission.WAKE_LOCK
ADDED from [com.google.firebase:firebase-analytics:10.2.1] AndroidManifest.xml:22:5-67
MERGED from [com.google.firebase:firebase-analytics-impl:10.2.1] AndroidManifest.xml:22:5-67
MERGED from [com.google.firebase:firebase-analytics-impl:10.2.1] AndroidManifest.xml:22:5-67
MERGED from [com.google.firebase:firebase-iid:10.2.1] AndroidManifest.xml:21:5-67
MERGED from [com.google.firebase:firebase-iid:10.2.1] AndroidManifest.xml:21:5-67
	android:name
		ADDED from [com.google.firebase:firebase-analytics:10.2.1] AndroidManifest.xml:22:22-65
receiver#com.google.android.gms.measurement.AppMeasurementReceiver
ADDED from [com.google.firebase:firebase-analytics:10.2.1] AndroidManifest.xml:25:7-26:18
MERGED from [com.google.firebase:firebase-analytics-impl:10.2.1] AndroidManifest.xml:25:7-26:18
MERGED from [com.google.firebase:firebase-analytics-impl:10.2.1] AndroidManifest.xml:25:7-26:18
	android:enabled
		ADDED from [com.google.firebase:firebase-analytics:10.2.1] AndroidManifest.xml:25:90-112
	android:exported
		ADDED from [com.google.firebase:firebase-analytics:10.2.1] AndroidManifest.xml:25:113-137
	android:name
		ADDED from [com.google.firebase:firebase-analytics:10.2.1] AndroidManifest.xml:25:17-89
receiver#com.google.android.gms.measurement.AppMeasurementInstallReferrerReceiver
ADDED from [com.google.firebase:firebase-analytics:10.2.1] AndroidManifest.xml:27:7-31:18
	android:enabled
		ADDED from [com.google.firebase:firebase-analytics:10.2.1] AndroidManifest.xml:27:162-184
	android:permission
		ADDED from [com.google.firebase:firebase-analytics:10.2.1] AndroidManifest.xml:27:105-161
	android:name
		ADDED from [com.google.firebase:firebase-analytics:10.2.1] AndroidManifest.xml:27:17-104
intent-filter#com.android.vending.INSTALL_REFERRER
ADDED from [com.google.firebase:firebase-analytics:10.2.1] AndroidManifest.xml:28:11-30:27
action#com.android.vending.INSTALL_REFERRER
ADDED from [com.google.firebase:firebase-analytics:10.2.1] AndroidManifest.xml:29:15-76
	android:name
		ADDED from [com.google.firebase:firebase-analytics:10.2.1] AndroidManifest.xml:29:23-74
service#com.google.android.gms.measurement.AppMeasurementService
ADDED from [com.google.firebase:firebase-analytics:10.2.1] AndroidManifest.xml:32:7-137
MERGED from [com.google.firebase:firebase-analytics-impl:10.2.1] AndroidManifest.xml:27:7-137
MERGED from [com.google.firebase:firebase-analytics-impl:10.2.1] AndroidManifest.xml:27:7-137
	android:enabled
		ADDED from [com.google.firebase:firebase-analytics:10.2.1] AndroidManifest.xml:32:88-110
	android:exported
		ADDED from [com.google.firebase:firebase-analytics:10.2.1] AndroidManifest.xml:32:111-135
	android:name
		ADDED from [com.google.firebase:firebase-analytics:10.2.1] AndroidManifest.xml:32:16-87
uses-permission#com.google.android.c2dm.permission.RECEIVE
ADDED from [com.google.firebase:firebase-iid:10.2.1] AndroidManifest.xml:22:5-81
	android:name
		ADDED from [com.google.firebase:firebase-iid:10.2.1] AndroidManifest.xml:22:22-79
permission#${applicationId}.permission.C2D_MESSAGE
ADDED from [com.google.firebase:firebase-iid:10.2.1] AndroidManifest.xml:24:5-109
	android:protectionLevel
		ADDED from [com.google.firebase:firebase-iid:10.2.1] AndroidManifest.xml:24:72-107
	android:name
		ADDED from [com.google.firebase:firebase-iid:10.2.1] AndroidManifest.xml:24:17-71
permission#com.example.mikhal.wiseatapp.permission.C2D_MESSAGE
ADDED from [com.google.firebase:firebase-iid:10.2.1] AndroidManifest.xml:24:5-109
	android:protectionLevel
		ADDED from [com.google.firebase:firebase-iid:10.2.1] AndroidManifest.xml:24:72-107
	android:name
		ADDED from [com.google.firebase:firebase-iid:10.2.1] AndroidManifest.xml:24:17-71
uses-permission#${applicationId}.permission.C2D_MESSAGE
ADDED from [com.google.firebase:firebase-iid:10.2.1] AndroidManifest.xml:26:5-78
	android:name
		ADDED from [com.google.firebase:firebase-iid:10.2.1] AndroidManifest.xml:26:22-76
uses-permission#com.example.mikhal.wiseatapp.permission.C2D_MESSAGE
ADDED from [com.google.firebase:firebase-iid:10.2.1] AndroidManifest.xml:26:5-78
	android:name
		ADDED from [com.google.firebase:firebase-iid:10.2.1] AndroidManifest.xml:26:22-76
receiver#com.google.firebase.iid.FirebaseInstanceIdReceiver
ADDED from [com.google.firebase:firebase-iid:10.2.1] AndroidManifest.xml:30:9-35:20
	android:exported
		ADDED from [com.google.firebase:firebase-iid:10.2.1] AndroidManifest.xml:30:85-108
	android:permission
		ADDED from [com.google.firebase:firebase-iid:10.2.1] AndroidManifest.xml:30:109-169
	android:name
		ADDED from [com.google.firebase:firebase-iid:10.2.1] AndroidManifest.xml:30:19-84
intent-filter#${applicationId}+com.google.android.c2dm.intent.RECEIVE
ADDED from [com.google.firebase:firebase-iid:10.2.1] AndroidManifest.xml:31:13-34:29
intent-filter#com.example.mikhal.wiseatapp+com.google.android.c2dm.intent.RECEIVE
ADDED from [com.google.firebase:firebase-iid:10.2.1] AndroidManifest.xml:31:13-34:29
action#com.google.android.c2dm.intent.RECEIVE
ADDED from [com.google.firebase:firebase-iid:10.2.1] AndroidManifest.xml:32:17-80
	android:name